<?xml version="1.0" encoding="UTF-8"?>
<!-- Generated by org.testng.reporters.JUnitReportReporter -->
<testsuite hostname="macbookpros-MacBook-Pro.local" failures="0" tests="3" name="Operations" time="90.596" errors="0" timestamp="2025-09-23T18:51:51 EDT" skipped="0">
  <testcase classname="Operations" name="OpenAvito" time="48.410">
    <system-out>
      <![CDATA[Ouverture du site avito]]>
    </system-out>
  </testcase> <!-- OpenAvito -->
  <testcase classname="Operations" name="LoginAvito" time="12.729">
    <system-out>
      <![CDATA[Connexion OK dans le site AVITO ]]>
    </system-out>
  </testcase> <!-- LoginAvito -->
  <testcase classname="Operations" name="FindCar" time="29.457">
    <system-out>
      <![CDATA[La recherche est bien lancée parfaitement]]>
    </system-out>
  </testcase> <!-- FindCar -->
  <system-out>
    <![CDATA[Ouverture du site avito
Connexion OK dans le site AVITO 
La recherche est bien lancée parfaitement
Merci pour votre visite a la prochaine bay]]>
  </system-out>
</testsuite> <!-- Operations -->
