<?xml version="1.0" encoding="UTF-8"?>
<testng-results ignored="0" total="5" passed="5" failed="0" skipped="0">
  <reporter-output>
    <line>
      <![CDATA[Ouverture du site avito]]>
    </line>
    <line>
      <![CDATA[Connexion OK dans le site AVITO ]]>
    </line>
    <line>
      <![CDATA[La recherche est bien lancée parfaitement]]>
    </line>
    <line>
      <![CDATA[Merci pour votre visite a la prochaine bay]]>
    </line>
  </reporter-output>
  <suite started-at="2026-02-20T11:03:31 EST" name="Default suite" finished-at="2026-02-20T11:03:47 EST" duration-ms="15524">
    <groups>
    </groups>
    <test started-at="2026-02-20T11:03:31 EST" name="Default test" finished-at="2026-02-20T11:03:47 EST" duration-ms="15524">
      <class name="Operations">
        <test-method signature="config()[pri:0, instance:Operations@74e28667]" started-at="2026-02-20T11:03:31 EST" name="config" finished-at="2026-02-20T11:03:34 EST" duration-ms="2671" status="PASS">
          <reporter-output>
          </reporter-output>
        </test-method> <!-- config -->
        <test-method signature="OpenAvito()[pri:1, instance:Operations@74e28667]" started-at="2026-02-20T11:03:34 EST" name="OpenAvito" finished-at="2026-02-20T11:03:40 EST" duration-ms="5875" status="PASS">
          <reporter-output>
            <line>
              <![CDATA[Ouverture du site avito]]>
            </line>
          </reporter-output>
        </test-method> <!-- OpenAvito -->
        <test-method signature="LoginAvito()[pri:2, instance:Operations@74e28667]" started-at="2026-02-20T11:03:40 EST" name="LoginAvito" finished-at="2026-02-20T11:03:43 EST" duration-ms="3394" status="PASS">
          <reporter-output>
            <line>
              <![CDATA[Connexion OK dans le site AVITO ]]>
            </line>
          </reporter-output>
        </test-method> <!-- LoginAvito -->
        <test-method signature="FindCar()[pri:3, instance:Operations@74e28667]" started-at="2026-02-20T11:03:43 EST" name="FindCar" finished-at="2026-02-20T11:03:46 EST" duration-ms="3042" status="PASS">
          <reporter-output>
            <line>
              <![CDATA[La recherche est bien lancée parfaitement]]>
            </line>
          </reporter-output>
        </test-method> <!-- FindCar -->
        <test-method signature="CloseAvito()[pri:4, instance:Operations@74e28667]" started-at="2026-02-20T11:03:46 EST" name="CloseAvito" finished-at="2026-02-20T11:03:47 EST" duration-ms="332" status="PASS">
          <reporter-output>
            <line>
              <![CDATA[Merci pour votre visite a la prochaine bay]]>
            </line>
          </reporter-output>
        </test-method> <!-- CloseAvito -->
      </class> <!-- Operations -->
    </test> <!-- Default test -->
  </suite> <!-- Default suite -->
</testng-results>
