<?xml version="1.0" encoding="UTF-8"?>
<testng-results ignored="0" total="2" passed="2" failed="0" skipped="0">
  <reporter-output>
    <line>
      <![CDATA[Ouverture du site avito]]>
    </line>
    <line>
      <![CDATA[Connexion OK]]>
    </line>
  </reporter-output>
  <suite started-at="2025-01-05T19:50:29 EST" name="Default suite" finished-at="2025-01-05T19:50:39 EST" duration-ms="9863">
    <groups>
    </groups>
    <test started-at="2025-01-05T19:50:29 EST" name="Default test" finished-at="2025-01-05T19:50:39 EST" duration-ms="9863">
      <class name="Operations">
        <test-method is-config="true" signature="config()[pri:0, instance:Operations@2d6764b2]" started-at="2025-01-05T19:50:29 EST" name="config" finished-at="2025-01-05T19:50:30 EST" duration-ms="612" status="PASS">
          <reporter-output>
          </reporter-output>
        </test-method> <!-- config -->
        <test-method signature="OpenAvito()[pri:0, instance:Operations@2d6764b2]" started-at="2025-01-05T19:50:30 EST" name="OpenAvito" finished-at="2025-01-05T19:50:36 EST" duration-ms="6409" status="PASS">
          <reporter-output>
            <line>
              <![CDATA[Ouverture du site avito]]>
            </line>
          </reporter-output>
        </test-method> <!-- OpenAvito -->
        <test-method signature="LoginAvito()[pri:1, instance:Operations@2d6764b2]" started-at="2025-01-05T19:50:36 EST" name="LoginAvito" finished-at="2025-01-05T19:50:39 EST" duration-ms="2741" status="PASS">
          <reporter-output>
            <line>
              <![CDATA[Connexion OK]]>
            </line>
          </reporter-output>
        </test-method> <!-- LoginAvito -->
      </class> <!-- Operations -->
    </test> <!-- Default test -->
  </suite> <!-- Default suite -->
</testng-results>
