<?xml version="1.0" encoding="UTF-8"?>
<!-- Generated by org.testng.reporters.JUnitXMLReporter -->
<testsuite ignored="0" hostname="macbookpros-MBP.cogeco.local" failures="0" tests="3" name="Default test" time="8.978" errors="0" timestamp="2025-02-19T10:50:02 EST">
  <testcase classname="Operations" name="OpenAvito" time="0.307"/>
  <testcase classname="Operations" name="LoginAvito" time="7.724"/>
  <testcase classname="Operations" name="CloseAvito" time="0.322"/>
</testsuite> <!-- Default test -->
