<?xml version="1.0" encoding="UTF-8"?>
<!-- Generated by org.testng.reporters.JUnitXMLReporter -->
<testsuite ignored="0" hostname="macbookpros-MacBook-Pro.local" failures="0" tests="4" name="Default test" time="30.174" errors="0" timestamp="2025-06-11T20:08:02 EDT">
  <testcase classname="Operations" name="OpenAvito" time="9.636"/>
  <testcase classname="Operations" name="LoginAvito" time="7.792"/>
  <testcase classname="Operations" name="FindCar" time="9.616"/>
  <testcase classname="Operations" name="CloseAvito" time="0.313"/>
</testsuite> <!-- Default test -->
